CRITICAL - 2021-12-01 00:15:11 --> Unmatched '}'
#0 C:\xampp\htdocs\Zid\NewDaerah\system\Router\Router.php(176): CodeIgniter\Router\Router->autoRoute('get_daerah/acti...')
#1 C:\xampp\htdocs\Zid\NewDaerah\system\CodeIgniter.php(718): CodeIgniter\Router\Router->handle('get_daerah/acti...')
#2 C:\xampp\htdocs\Zid\NewDaerah\system\CodeIgniter.php(359): CodeIgniter\CodeIgniter->tryToRouteIt(Object(CodeIgniter\Router\RouteCollection))
#3 C:\xampp\htdocs\Zid\NewDaerah\system\CodeIgniter.php(318): CodeIgniter\CodeIgniter->handleRequest(NULL, Object(Config\Cache), false)
#4 C:\xampp\htdocs\Zid\NewDaerah\public\index.php(37): CodeIgniter\CodeIgniter->run()
#5 C:\xampp\htdocs\Zid\NewDaerah\system\Commands\Server\rewrite.php(43): require_once('C:\\xampp\\htdocs...')
#6 {main}
CRITICAL - 2021-12-01 00:15:36 --> Unmatched '}'
#0 C:\xampp\htdocs\Zid\NewDaerah\system\Router\Router.php(176): CodeIgniter\Router\Router->autoRoute('get_daerah/acti...')
#1 C:\xampp\htdocs\Zid\NewDaerah\system\CodeIgniter.php(718): CodeIgniter\Router\Router->handle('get_daerah/acti...')
#2 C:\xampp\htdocs\Zid\NewDaerah\system\CodeIgniter.php(359): CodeIgniter\CodeIgniter->tryToRouteIt(Object(CodeIgniter\Router\RouteCollection))
#3 C:\xampp\htdocs\Zid\NewDaerah\system\CodeIgniter.php(318): CodeIgniter\CodeIgniter->handleRequest(NULL, Object(Config\Cache), false)
#4 C:\xampp\htdocs\Zid\NewDaerah\public\index.php(37): CodeIgniter\CodeIgniter->run()
#5 C:\xampp\htdocs\Zid\NewDaerah\system\Commands\Server\rewrite.php(43): require_once('C:\\xampp\\htdocs...')
#6 {main}
CRITICAL - 2021-12-01 00:15:48 --> Unmatched '}'
#0 C:\xampp\htdocs\Zid\NewDaerah\system\Router\Router.php(176): CodeIgniter\Router\Router->autoRoute('get_daerah/acti...')
#1 C:\xampp\htdocs\Zid\NewDaerah\system\CodeIgniter.php(718): CodeIgniter\Router\Router->handle('get_daerah/acti...')
#2 C:\xampp\htdocs\Zid\NewDaerah\system\CodeIgniter.php(359): CodeIgniter\CodeIgniter->tryToRouteIt(Object(CodeIgniter\Router\RouteCollection))
#3 C:\xampp\htdocs\Zid\NewDaerah\system\CodeIgniter.php(318): CodeIgniter\CodeIgniter->handleRequest(NULL, Object(Config\Cache), false)
#4 C:\xampp\htdocs\Zid\NewDaerah\public\index.php(37): CodeIgniter\CodeIgniter->run()
#5 C:\xampp\htdocs\Zid\NewDaerah\system\Commands\Server\rewrite.php(43): require_once('C:\\xampp\\htdocs...')
#6 {main}
CRITICAL - 2021-12-01 00:23:28 --> Unclosed '{' on line 14
#0 C:\xampp\htdocs\Zid\NewDaerah\system\Router\Router.php(176): CodeIgniter\Router\Router->autoRoute('get_daerah/acti...')
#1 C:\xampp\htdocs\Zid\NewDaerah\system\CodeIgniter.php(718): CodeIgniter\Router\Router->handle('get_daerah/acti...')
#2 C:\xampp\htdocs\Zid\NewDaerah\system\CodeIgniter.php(359): CodeIgniter\CodeIgniter->tryToRouteIt(Object(CodeIgniter\Router\RouteCollection))
#3 C:\xampp\htdocs\Zid\NewDaerah\system\CodeIgniter.php(318): CodeIgniter\CodeIgniter->handleRequest(NULL, Object(Config\Cache), false)
#4 C:\xampp\htdocs\Zid\NewDaerah\public\index.php(37): CodeIgniter\CodeIgniter->run()
#5 C:\xampp\htdocs\Zid\NewDaerah\system\Commands\Server\rewrite.php(43): require_once('C:\\xampp\\htdocs...')
#6 {main}
CRITICAL - 2021-12-01 00:24:04 --> Unclosed '{' on line 14
#0 C:\xampp\htdocs\Zid\NewDaerah\system\Router\Router.php(176): CodeIgniter\Router\Router->autoRoute('get_daerah/acti...')
#1 C:\xampp\htdocs\Zid\NewDaerah\system\CodeIgniter.php(718): CodeIgniter\Router\Router->handle('get_daerah/acti...')
#2 C:\xampp\htdocs\Zid\NewDaerah\system\CodeIgniter.php(359): CodeIgniter\CodeIgniter->tryToRouteIt(Object(CodeIgniter\Router\RouteCollection))
#3 C:\xampp\htdocs\Zid\NewDaerah\system\CodeIgniter.php(318): CodeIgniter\CodeIgniter->handleRequest(NULL, Object(Config\Cache), false)
#4 C:\xampp\htdocs\Zid\NewDaerah\public\index.php(37): CodeIgniter\CodeIgniter->run()
#5 C:\xampp\htdocs\Zid\NewDaerah\system\Commands\Server\rewrite.php(43): require_once('C:\\xampp\\htdocs...')
#6 {main}
