CRITICAL - 2021-11-30 21:36:40 --> Attempt to read property "data" on null
#0 C:\xampp\htdocs\Zid\NewDaerah\app\Views\layout\home.php(22): CodeIgniter\Debug\Exceptions->errorHandler(2, 'Attempt to read...', 'C:\\xampp\\htdocs...', 22)
#1 C:\xampp\htdocs\Zid\NewDaerah\system\View\View.php(214): include('C:\\xampp\\htdocs...')
#2 C:\xampp\htdocs\Zid\NewDaerah\system\View\View.php(217): CodeIgniter\View\View->CodeIgniter\View\{closure}()
#3 C:\xampp\htdocs\Zid\NewDaerah\system\Common.php(1097): CodeIgniter\View\View->render('layout/home', Array, true)
#4 C:\xampp\htdocs\Zid\NewDaerah\app\Controllers\Main.php(7): view('layout/home')
#5 C:\xampp\htdocs\Zid\NewDaerah\system\CodeIgniter.php(824): App\Controllers\Main->index()
#6 C:\xampp\htdocs\Zid\NewDaerah\system\CodeIgniter.php(410): CodeIgniter\CodeIgniter->runController(Object(App\Controllers\Main))
#7 C:\xampp\htdocs\Zid\NewDaerah\system\CodeIgniter.php(318): CodeIgniter\CodeIgniter->handleRequest(NULL, Object(Config\Cache), false)
#8 C:\xampp\htdocs\Zid\NewDaerah\public\index.php(37): CodeIgniter\CodeIgniter->run()
#9 C:\xampp\htdocs\Zid\NewDaerah\system\Commands\Server\rewrite.php(43): require_once('C:\\xampp\\htdocs...')
#10 {main}
CRITICAL - 2021-11-30 21:36:41 --> Attempt to read property "data" on null
#0 C:\xampp\htdocs\Zid\NewDaerah\app\Views\layout\home.php(22): CodeIgniter\Debug\Exceptions->errorHandler(2, 'Attempt to read...', 'C:\\xampp\\htdocs...', 22)
#1 C:\xampp\htdocs\Zid\NewDaerah\system\View\View.php(214): include('C:\\xampp\\htdocs...')
#2 C:\xampp\htdocs\Zid\NewDaerah\system\View\View.php(217): CodeIgniter\View\View->CodeIgniter\View\{closure}()
#3 C:\xampp\htdocs\Zid\NewDaerah\system\Common.php(1097): CodeIgniter\View\View->render('layout/home', Array, true)
#4 C:\xampp\htdocs\Zid\NewDaerah\app\Controllers\Main.php(7): view('layout/home')
#5 C:\xampp\htdocs\Zid\NewDaerah\system\CodeIgniter.php(824): App\Controllers\Main->index()
#6 C:\xampp\htdocs\Zid\NewDaerah\system\CodeIgniter.php(410): CodeIgniter\CodeIgniter->runController(Object(App\Controllers\Main))
#7 C:\xampp\htdocs\Zid\NewDaerah\system\CodeIgniter.php(318): CodeIgniter\CodeIgniter->handleRequest(NULL, Object(Config\Cache), false)
#8 C:\xampp\htdocs\Zid\NewDaerah\public\index.php(37): CodeIgniter\CodeIgniter->run()
#9 C:\xampp\htdocs\Zid\NewDaerah\system\Commands\Server\rewrite.php(43): require_once('C:\\xampp\\htdocs...')
#10 {main}
CRITICAL - 2021-11-30 21:36:42 --> Attempt to read property "data" on null
#0 C:\xampp\htdocs\Zid\NewDaerah\app\Views\layout\home.php(22): CodeIgniter\Debug\Exceptions->errorHandler(2, 'Attempt to read...', 'C:\\xampp\\htdocs...', 22)
#1 C:\xampp\htdocs\Zid\NewDaerah\system\View\View.php(214): include('C:\\xampp\\htdocs...')
#2 C:\xampp\htdocs\Zid\NewDaerah\system\View\View.php(217): CodeIgniter\View\View->CodeIgniter\View\{closure}()
#3 C:\xampp\htdocs\Zid\NewDaerah\system\Common.php(1097): CodeIgniter\View\View->render('layout/home', Array, true)
#4 C:\xampp\htdocs\Zid\NewDaerah\app\Controllers\Main.php(7): view('layout/home')
#5 C:\xampp\htdocs\Zid\NewDaerah\system\CodeIgniter.php(824): App\Controllers\Main->index()
#6 C:\xampp\htdocs\Zid\NewDaerah\system\CodeIgniter.php(410): CodeIgniter\CodeIgniter->runController(Object(App\Controllers\Main))
#7 C:\xampp\htdocs\Zid\NewDaerah\system\CodeIgniter.php(318): CodeIgniter\CodeIgniter->handleRequest(NULL, Object(Config\Cache), false)
#8 C:\xampp\htdocs\Zid\NewDaerah\public\index.php(37): CodeIgniter\CodeIgniter->run()
#9 C:\xampp\htdocs\Zid\NewDaerah\system\Commands\Server\rewrite.php(43): require_once('C:\\xampp\\htdocs...')
#10 {main}
CRITICAL - 2021-11-30 21:37:09 --> Attempt to read property "data" on null
#0 C:\xampp\htdocs\Zid\NewDaerah\app\Views\layout\home.php(22): CodeIgniter\Debug\Exceptions->errorHandler(2, 'Attempt to read...', 'C:\\xampp\\htdocs...', 22)
#1 C:\xampp\htdocs\Zid\NewDaerah\system\View\View.php(214): include('C:\\xampp\\htdocs...')
#2 C:\xampp\htdocs\Zid\NewDaerah\system\View\View.php(217): CodeIgniter\View\View->CodeIgniter\View\{closure}()
#3 C:\xampp\htdocs\Zid\NewDaerah\system\Common.php(1097): CodeIgniter\View\View->render('layout/home', Array, true)
#4 C:\xampp\htdocs\Zid\NewDaerah\app\Controllers\Main.php(7): view('layout/home')
#5 C:\xampp\htdocs\Zid\NewDaerah\system\CodeIgniter.php(824): App\Controllers\Main->index()
#6 C:\xampp\htdocs\Zid\NewDaerah\system\CodeIgniter.php(410): CodeIgniter\CodeIgniter->runController(Object(App\Controllers\Main))
#7 C:\xampp\htdocs\Zid\NewDaerah\system\CodeIgniter.php(318): CodeIgniter\CodeIgniter->handleRequest(NULL, Object(Config\Cache), false)
#8 C:\xampp\htdocs\Zid\NewDaerah\public\index.php(37): CodeIgniter\CodeIgniter->run()
#9 C:\xampp\htdocs\Zid\NewDaerah\system\Commands\Server\rewrite.php(43): require_once('C:\\xampp\\htdocs...')
#10 {main}
CRITICAL - 2021-11-30 21:42:33 --> syntax error, unexpected token "="
#0 C:\xampp\htdocs\Zid\NewDaerah\system\Router\Router.php(176): CodeIgniter\Router\Router->autoRoute('Home')
#1 C:\xampp\htdocs\Zid\NewDaerah\system\CodeIgniter.php(718): CodeIgniter\Router\Router->handle('Home')
#2 C:\xampp\htdocs\Zid\NewDaerah\system\CodeIgniter.php(359): CodeIgniter\CodeIgniter->tryToRouteIt(Object(CodeIgniter\Router\RouteCollection))
#3 C:\xampp\htdocs\Zid\NewDaerah\system\CodeIgniter.php(318): CodeIgniter\CodeIgniter->handleRequest(NULL, Object(Config\Cache), false)
#4 C:\xampp\htdocs\Zid\NewDaerah\public\index.php(37): CodeIgniter\CodeIgniter->run()
#5 C:\xampp\htdocs\Zid\NewDaerah\system\Commands\Server\rewrite.php(43): require_once('C:\\xampp\\htdocs...')
#6 {main}
CRITICAL - 2021-11-30 21:43:01 --> Undefined constant "App\Controllers\data"
#0 C:\xampp\htdocs\Zid\NewDaerah\system\CodeIgniter.php(824): App\Controllers\Home->index()
#1 C:\xampp\htdocs\Zid\NewDaerah\system\CodeIgniter.php(410): CodeIgniter\CodeIgniter->runController(Object(App\Controllers\Home))
#2 C:\xampp\htdocs\Zid\NewDaerah\system\CodeIgniter.php(318): CodeIgniter\CodeIgniter->handleRequest(NULL, Object(Config\Cache), false)
#3 C:\xampp\htdocs\Zid\NewDaerah\public\index.php(37): CodeIgniter\CodeIgniter->run()
#4 C:\xampp\htdocs\Zid\NewDaerah\system\Commands\Server\rewrite.php(43): require_once('C:\\xampp\\htdocs...')
#5 {main}
CRITICAL - 2021-11-30 21:43:55 --> 22 : The requested URL returned error: 403
#0 C:\xampp\htdocs\Zid\NewDaerah\system\HTTP\CURLRequest.php(656): CodeIgniter\HTTP\Exceptions\HTTPException::forCurlError('22', 'The requested U...')
#1 C:\xampp\htdocs\Zid\NewDaerah\system\HTTP\CURLRequest.php(364): CodeIgniter\HTTP\CURLRequest->sendRequest(Array)
#2 C:\xampp\htdocs\Zid\NewDaerah\system\HTTP\CURLRequest.php(140): CodeIgniter\HTTP\CURLRequest->send('GET', 'https://api.git...')
#3 C:\xampp\htdocs\Zid\NewDaerah\app\Controllers\Home.php(12): CodeIgniter\HTTP\CURLRequest->request('GET', 'https://api.git...', Array)
#4 C:\xampp\htdocs\Zid\NewDaerah\system\CodeIgniter.php(824): App\Controllers\Home->index()
#5 C:\xampp\htdocs\Zid\NewDaerah\system\CodeIgniter.php(410): CodeIgniter\CodeIgniter->runController(Object(App\Controllers\Home))
#6 C:\xampp\htdocs\Zid\NewDaerah\system\CodeIgniter.php(318): CodeIgniter\CodeIgniter->handleRequest(NULL, Object(Config\Cache), false)
#7 C:\xampp\htdocs\Zid\NewDaerah\public\index.php(37): CodeIgniter\CodeIgniter->run()
#8 C:\xampp\htdocs\Zid\NewDaerah\system\Commands\Server\rewrite.php(43): require_once('C:\\xampp\\htdocs...')
#9 {main}
CRITICAL - 2021-11-30 21:45:23 --> 22 : The requested URL returned error: 403
#0 C:\xampp\htdocs\Zid\NewDaerah\system\HTTP\CURLRequest.php(656): CodeIgniter\HTTP\Exceptions\HTTPException::forCurlError('22', 'The requested U...')
#1 C:\xampp\htdocs\Zid\NewDaerah\system\HTTP\CURLRequest.php(364): CodeIgniter\HTTP\CURLRequest->sendRequest(Array)
#2 C:\xampp\htdocs\Zid\NewDaerah\system\HTTP\CURLRequest.php(140): CodeIgniter\HTTP\CURLRequest->send('GET', 'https://api.git...')
#3 C:\xampp\htdocs\Zid\NewDaerah\app\Controllers\Home.php(12): CodeIgniter\HTTP\CURLRequest->request('GET', 'https://api.git...', Array)
#4 C:\xampp\htdocs\Zid\NewDaerah\system\CodeIgniter.php(824): App\Controllers\Home->index()
#5 C:\xampp\htdocs\Zid\NewDaerah\system\CodeIgniter.php(410): CodeIgniter\CodeIgniter->runController(Object(App\Controllers\Home))
#6 C:\xampp\htdocs\Zid\NewDaerah\system\CodeIgniter.php(318): CodeIgniter\CodeIgniter->handleRequest(NULL, Object(Config\Cache), false)
#7 C:\xampp\htdocs\Zid\NewDaerah\public\index.php(37): CodeIgniter\CodeIgniter->run()
#8 C:\xampp\htdocs\Zid\NewDaerah\system\Commands\Server\rewrite.php(43): require_once('C:\\xampp\\htdocs...')
#9 {main}
CRITICAL - 2021-11-30 21:45:24 --> 22 : The requested URL returned error: 403
#0 C:\xampp\htdocs\Zid\NewDaerah\system\HTTP\CURLRequest.php(656): CodeIgniter\HTTP\Exceptions\HTTPException::forCurlError('22', 'The requested U...')
#1 C:\xampp\htdocs\Zid\NewDaerah\system\HTTP\CURLRequest.php(364): CodeIgniter\HTTP\CURLRequest->sendRequest(Array)
#2 C:\xampp\htdocs\Zid\NewDaerah\system\HTTP\CURLRequest.php(140): CodeIgniter\HTTP\CURLRequest->send('GET', 'https://api.git...')
#3 C:\xampp\htdocs\Zid\NewDaerah\app\Controllers\Home.php(12): CodeIgniter\HTTP\CURLRequest->request('GET', 'https://api.git...', Array)
#4 C:\xampp\htdocs\Zid\NewDaerah\system\CodeIgniter.php(824): App\Controllers\Home->index()
#5 C:\xampp\htdocs\Zid\NewDaerah\system\CodeIgniter.php(410): CodeIgniter\CodeIgniter->runController(Object(App\Controllers\Home))
#6 C:\xampp\htdocs\Zid\NewDaerah\system\CodeIgniter.php(318): CodeIgniter\CodeIgniter->handleRequest(NULL, Object(Config\Cache), false)
#7 C:\xampp\htdocs\Zid\NewDaerah\public\index.php(37): CodeIgniter\CodeIgniter->run()
#8 C:\xampp\htdocs\Zid\NewDaerah\system\Commands\Server\rewrite.php(43): require_once('C:\\xampp\\htdocs...')
#9 {main}
CRITICAL - 2021-11-30 21:45:24 --> 22 : The requested URL returned error: 403
#0 C:\xampp\htdocs\Zid\NewDaerah\system\HTTP\CURLRequest.php(656): CodeIgniter\HTTP\Exceptions\HTTPException::forCurlError('22', 'The requested U...')
#1 C:\xampp\htdocs\Zid\NewDaerah\system\HTTP\CURLRequest.php(364): CodeIgniter\HTTP\CURLRequest->sendRequest(Array)
#2 C:\xampp\htdocs\Zid\NewDaerah\system\HTTP\CURLRequest.php(140): CodeIgniter\HTTP\CURLRequest->send('GET', 'https://api.git...')
#3 C:\xampp\htdocs\Zid\NewDaerah\app\Controllers\Home.php(12): CodeIgniter\HTTP\CURLRequest->request('GET', 'https://api.git...', Array)
#4 C:\xampp\htdocs\Zid\NewDaerah\system\CodeIgniter.php(824): App\Controllers\Home->index()
#5 C:\xampp\htdocs\Zid\NewDaerah\system\CodeIgniter.php(410): CodeIgniter\CodeIgniter->runController(Object(App\Controllers\Home))
#6 C:\xampp\htdocs\Zid\NewDaerah\system\CodeIgniter.php(318): CodeIgniter\CodeIgniter->handleRequest(NULL, Object(Config\Cache), false)
#7 C:\xampp\htdocs\Zid\NewDaerah\public\index.php(37): CodeIgniter\CodeIgniter->run()
#8 C:\xampp\htdocs\Zid\NewDaerah\system\Commands\Server\rewrite.php(43): require_once('C:\\xampp\\htdocs...')
#9 {main}
CRITICAL - 2021-11-30 21:45:24 --> 22 : The requested URL returned error: 403
#0 C:\xampp\htdocs\Zid\NewDaerah\system\HTTP\CURLRequest.php(656): CodeIgniter\HTTP\Exceptions\HTTPException::forCurlError('22', 'The requested U...')
#1 C:\xampp\htdocs\Zid\NewDaerah\system\HTTP\CURLRequest.php(364): CodeIgniter\HTTP\CURLRequest->sendRequest(Array)
#2 C:\xampp\htdocs\Zid\NewDaerah\system\HTTP\CURLRequest.php(140): CodeIgniter\HTTP\CURLRequest->send('GET', 'https://api.git...')
#3 C:\xampp\htdocs\Zid\NewDaerah\app\Controllers\Home.php(12): CodeIgniter\HTTP\CURLRequest->request('GET', 'https://api.git...', Array)
#4 C:\xampp\htdocs\Zid\NewDaerah\system\CodeIgniter.php(824): App\Controllers\Home->index()
#5 C:\xampp\htdocs\Zid\NewDaerah\system\CodeIgniter.php(410): CodeIgniter\CodeIgniter->runController(Object(App\Controllers\Home))
#6 C:\xampp\htdocs\Zid\NewDaerah\system\CodeIgniter.php(318): CodeIgniter\CodeIgniter->handleRequest(NULL, Object(Config\Cache), false)
#7 C:\xampp\htdocs\Zid\NewDaerah\public\index.php(37): CodeIgniter\CodeIgniter->run()
#8 C:\xampp\htdocs\Zid\NewDaerah\system\Commands\Server\rewrite.php(43): require_once('C:\\xampp\\htdocs...')
#9 {main}
CRITICAL - 2021-11-30 21:45:24 --> 22 : The requested URL returned error: 403
#0 C:\xampp\htdocs\Zid\NewDaerah\system\HTTP\CURLRequest.php(656): CodeIgniter\HTTP\Exceptions\HTTPException::forCurlError('22', 'The requested U...')
#1 C:\xampp\htdocs\Zid\NewDaerah\system\HTTP\CURLRequest.php(364): CodeIgniter\HTTP\CURLRequest->sendRequest(Array)
#2 C:\xampp\htdocs\Zid\NewDaerah\system\HTTP\CURLRequest.php(140): CodeIgniter\HTTP\CURLRequest->send('GET', 'https://api.git...')
#3 C:\xampp\htdocs\Zid\NewDaerah\app\Controllers\Home.php(12): CodeIgniter\HTTP\CURLRequest->request('GET', 'https://api.git...', Array)
#4 C:\xampp\htdocs\Zid\NewDaerah\system\CodeIgniter.php(824): App\Controllers\Home->index()
#5 C:\xampp\htdocs\Zid\NewDaerah\system\CodeIgniter.php(410): CodeIgniter\CodeIgniter->runController(Object(App\Controllers\Home))
#6 C:\xampp\htdocs\Zid\NewDaerah\system\CodeIgniter.php(318): CodeIgniter\CodeIgniter->handleRequest(NULL, Object(Config\Cache), false)
#7 C:\xampp\htdocs\Zid\NewDaerah\public\index.php(37): CodeIgniter\CodeIgniter->run()
#8 C:\xampp\htdocs\Zid\NewDaerah\system\Commands\Server\rewrite.php(43): require_once('C:\\xampp\\htdocs...')
#9 {main}
CRITICAL - 2021-11-30 21:45:24 --> 22 : The requested URL returned error: 403
#0 C:\xampp\htdocs\Zid\NewDaerah\system\HTTP\CURLRequest.php(656): CodeIgniter\HTTP\Exceptions\HTTPException::forCurlError('22', 'The requested U...')
#1 C:\xampp\htdocs\Zid\NewDaerah\system\HTTP\CURLRequest.php(364): CodeIgniter\HTTP\CURLRequest->sendRequest(Array)
#2 C:\xampp\htdocs\Zid\NewDaerah\system\HTTP\CURLRequest.php(140): CodeIgniter\HTTP\CURLRequest->send('GET', 'https://api.git...')
#3 C:\xampp\htdocs\Zid\NewDaerah\app\Controllers\Home.php(12): CodeIgniter\HTTP\CURLRequest->request('GET', 'https://api.git...', Array)
#4 C:\xampp\htdocs\Zid\NewDaerah\system\CodeIgniter.php(824): App\Controllers\Home->index()
#5 C:\xampp\htdocs\Zid\NewDaerah\system\CodeIgniter.php(410): CodeIgniter\CodeIgniter->runController(Object(App\Controllers\Home))
#6 C:\xampp\htdocs\Zid\NewDaerah\system\CodeIgniter.php(318): CodeIgniter\CodeIgniter->handleRequest(NULL, Object(Config\Cache), false)
#7 C:\xampp\htdocs\Zid\NewDaerah\public\index.php(37): CodeIgniter\CodeIgniter->run()
#8 C:\xampp\htdocs\Zid\NewDaerah\system\Commands\Server\rewrite.php(43): require_once('C:\\xampp\\htdocs...')
#9 {main}
CRITICAL - 2021-11-30 21:45:25 --> 22 : The requested URL returned error: 403
#0 C:\xampp\htdocs\Zid\NewDaerah\system\HTTP\CURLRequest.php(656): CodeIgniter\HTTP\Exceptions\HTTPException::forCurlError('22', 'The requested U...')
#1 C:\xampp\htdocs\Zid\NewDaerah\system\HTTP\CURLRequest.php(364): CodeIgniter\HTTP\CURLRequest->sendRequest(Array)
#2 C:\xampp\htdocs\Zid\NewDaerah\system\HTTP\CURLRequest.php(140): CodeIgniter\HTTP\CURLRequest->send('GET', 'https://api.git...')
#3 C:\xampp\htdocs\Zid\NewDaerah\app\Controllers\Home.php(12): CodeIgniter\HTTP\CURLRequest->request('GET', 'https://api.git...', Array)
#4 C:\xampp\htdocs\Zid\NewDaerah\system\CodeIgniter.php(824): App\Controllers\Home->index()
#5 C:\xampp\htdocs\Zid\NewDaerah\system\CodeIgniter.php(410): CodeIgniter\CodeIgniter->runController(Object(App\Controllers\Home))
#6 C:\xampp\htdocs\Zid\NewDaerah\system\CodeIgniter.php(318): CodeIgniter\CodeIgniter->handleRequest(NULL, Object(Config\Cache), false)
#7 C:\xampp\htdocs\Zid\NewDaerah\public\index.php(37): CodeIgniter\CodeIgniter->run()
#8 C:\xampp\htdocs\Zid\NewDaerah\system\Commands\Server\rewrite.php(43): require_once('C:\\xampp\\htdocs...')
#9 {main}
CRITICAL - 2021-11-30 21:45:25 --> 22 : The requested URL returned error: 403
#0 C:\xampp\htdocs\Zid\NewDaerah\system\HTTP\CURLRequest.php(656): CodeIgniter\HTTP\Exceptions\HTTPException::forCurlError('22', 'The requested U...')
#1 C:\xampp\htdocs\Zid\NewDaerah\system\HTTP\CURLRequest.php(364): CodeIgniter\HTTP\CURLRequest->sendRequest(Array)
#2 C:\xampp\htdocs\Zid\NewDaerah\system\HTTP\CURLRequest.php(140): CodeIgniter\HTTP\CURLRequest->send('GET', 'https://api.git...')
#3 C:\xampp\htdocs\Zid\NewDaerah\app\Controllers\Home.php(12): CodeIgniter\HTTP\CURLRequest->request('GET', 'https://api.git...', Array)
#4 C:\xampp\htdocs\Zid\NewDaerah\system\CodeIgniter.php(824): App\Controllers\Home->index()
#5 C:\xampp\htdocs\Zid\NewDaerah\system\CodeIgniter.php(410): CodeIgniter\CodeIgniter->runController(Object(App\Controllers\Home))
#6 C:\xampp\htdocs\Zid\NewDaerah\system\CodeIgniter.php(318): CodeIgniter\CodeIgniter->handleRequest(NULL, Object(Config\Cache), false)
#7 C:\xampp\htdocs\Zid\NewDaerah\public\index.php(37): CodeIgniter\CodeIgniter->run()
#8 C:\xampp\htdocs\Zid\NewDaerah\system\Commands\Server\rewrite.php(43): require_once('C:\\xampp\\htdocs...')
#9 {main}
CRITICAL - 2021-11-30 21:45:25 --> 22 : The requested URL returned error: 403
#0 C:\xampp\htdocs\Zid\NewDaerah\system\HTTP\CURLRequest.php(656): CodeIgniter\HTTP\Exceptions\HTTPException::forCurlError('22', 'The requested U...')
#1 C:\xampp\htdocs\Zid\NewDaerah\system\HTTP\CURLRequest.php(364): CodeIgniter\HTTP\CURLRequest->sendRequest(Array)
#2 C:\xampp\htdocs\Zid\NewDaerah\system\HTTP\CURLRequest.php(140): CodeIgniter\HTTP\CURLRequest->send('GET', 'https://api.git...')
#3 C:\xampp\htdocs\Zid\NewDaerah\app\Controllers\Home.php(12): CodeIgniter\HTTP\CURLRequest->request('GET', 'https://api.git...', Array)
#4 C:\xampp\htdocs\Zid\NewDaerah\system\CodeIgniter.php(824): App\Controllers\Home->index()
#5 C:\xampp\htdocs\Zid\NewDaerah\system\CodeIgniter.php(410): CodeIgniter\CodeIgniter->runController(Object(App\Controllers\Home))
#6 C:\xampp\htdocs\Zid\NewDaerah\system\CodeIgniter.php(318): CodeIgniter\CodeIgniter->handleRequest(NULL, Object(Config\Cache), false)
#7 C:\xampp\htdocs\Zid\NewDaerah\public\index.php(37): CodeIgniter\CodeIgniter->run()
#8 C:\xampp\htdocs\Zid\NewDaerah\system\Commands\Server\rewrite.php(43): require_once('C:\\xampp\\htdocs...')
#9 {main}
CRITICAL - 2021-11-30 21:45:25 --> 22 : The requested URL returned error: 403
#0 C:\xampp\htdocs\Zid\NewDaerah\system\HTTP\CURLRequest.php(656): CodeIgniter\HTTP\Exceptions\HTTPException::forCurlError('22', 'The requested U...')
#1 C:\xampp\htdocs\Zid\NewDaerah\system\HTTP\CURLRequest.php(364): CodeIgniter\HTTP\CURLRequest->sendRequest(Array)
#2 C:\xampp\htdocs\Zid\NewDaerah\system\HTTP\CURLRequest.php(140): CodeIgniter\HTTP\CURLRequest->send('GET', 'https://api.git...')
#3 C:\xampp\htdocs\Zid\NewDaerah\app\Controllers\Home.php(12): CodeIgniter\HTTP\CURLRequest->request('GET', 'https://api.git...', Array)
#4 C:\xampp\htdocs\Zid\NewDaerah\system\CodeIgniter.php(824): App\Controllers\Home->index()
#5 C:\xampp\htdocs\Zid\NewDaerah\system\CodeIgniter.php(410): CodeIgniter\CodeIgniter->runController(Object(App\Controllers\Home))
#6 C:\xampp\htdocs\Zid\NewDaerah\system\CodeIgniter.php(318): CodeIgniter\CodeIgniter->handleRequest(NULL, Object(Config\Cache), false)
#7 C:\xampp\htdocs\Zid\NewDaerah\public\index.php(37): CodeIgniter\CodeIgniter->run()
#8 C:\xampp\htdocs\Zid\NewDaerah\system\Commands\Server\rewrite.php(43): require_once('C:\\xampp\\htdocs...')
#9 {main}
CRITICAL - 2021-11-30 21:45:25 --> 22 : The requested URL returned error: 403
#0 C:\xampp\htdocs\Zid\NewDaerah\system\HTTP\CURLRequest.php(656): CodeIgniter\HTTP\Exceptions\HTTPException::forCurlError('22', 'The requested U...')
#1 C:\xampp\htdocs\Zid\NewDaerah\system\HTTP\CURLRequest.php(364): CodeIgniter\HTTP\CURLRequest->sendRequest(Array)
#2 C:\xampp\htdocs\Zid\NewDaerah\system\HTTP\CURLRequest.php(140): CodeIgniter\HTTP\CURLRequest->send('GET', 'https://api.git...')
#3 C:\xampp\htdocs\Zid\NewDaerah\app\Controllers\Home.php(12): CodeIgniter\HTTP\CURLRequest->request('GET', 'https://api.git...', Array)
#4 C:\xampp\htdocs\Zid\NewDaerah\system\CodeIgniter.php(824): App\Controllers\Home->index()
#5 C:\xampp\htdocs\Zid\NewDaerah\system\CodeIgniter.php(410): CodeIgniter\CodeIgniter->runController(Object(App\Controllers\Home))
#6 C:\xampp\htdocs\Zid\NewDaerah\system\CodeIgniter.php(318): CodeIgniter\CodeIgniter->handleRequest(NULL, Object(Config\Cache), false)
#7 C:\xampp\htdocs\Zid\NewDaerah\public\index.php(37): CodeIgniter\CodeIgniter->run()
#8 C:\xampp\htdocs\Zid\NewDaerah\system\Commands\Server\rewrite.php(43): require_once('C:\\xampp\\htdocs...')
#9 {main}
CRITICAL - 2021-11-30 21:50:05 --> Undefined variable $data
#0 C:\xampp\htdocs\Zid\NewDaerah\app\Controllers\Home.php(23): CodeIgniter\Debug\Exceptions->errorHandler(2, 'Undefined varia...', 'C:\\xampp\\htdocs...', 23)
#1 C:\xampp\htdocs\Zid\NewDaerah\system\CodeIgniter.php(824): App\Controllers\Home->curPostRequest()
#2 C:\xampp\htdocs\Zid\NewDaerah\system\CodeIgniter.php(410): CodeIgniter\CodeIgniter->runController(Object(App\Controllers\Home))
#3 C:\xampp\htdocs\Zid\NewDaerah\system\CodeIgniter.php(318): CodeIgniter\CodeIgniter->handleRequest(NULL, Object(Config\Cache), false)
#4 C:\xampp\htdocs\Zid\NewDaerah\public\index.php(37): CodeIgniter\CodeIgniter->run()
#5 C:\xampp\htdocs\Zid\NewDaerah\system\Commands\Server\rewrite.php(43): require_once('C:\\xampp\\htdocs...')
#6 {main}
CRITICAL - 2021-11-30 22:01:51 --> Attempt to read property "data" on null
#0 C:\xampp\htdocs\Zid\NewDaerah\app\Views\layout\home.php(22): CodeIgniter\Debug\Exceptions->errorHandler(2, 'Attempt to read...', 'C:\\xampp\\htdocs...', 22)
#1 C:\xampp\htdocs\Zid\NewDaerah\system\View\View.php(214): include('C:\\xampp\\htdocs...')
#2 C:\xampp\htdocs\Zid\NewDaerah\system\View\View.php(217): CodeIgniter\View\View->CodeIgniter\View\{closure}()
#3 C:\xampp\htdocs\Zid\NewDaerah\system\Common.php(1097): CodeIgniter\View\View->render('layout/home', Array, true)
#4 C:\xampp\htdocs\Zid\NewDaerah\app\Controllers\Main.php(7): view('layout/home')
#5 C:\xampp\htdocs\Zid\NewDaerah\system\CodeIgniter.php(824): App\Controllers\Main->index()
#6 C:\xampp\htdocs\Zid\NewDaerah\system\CodeIgniter.php(410): CodeIgniter\CodeIgniter->runController(Object(App\Controllers\Main))
#7 C:\xampp\htdocs\Zid\NewDaerah\system\CodeIgniter.php(318): CodeIgniter\CodeIgniter->handleRequest(NULL, Object(Config\Cache), false)
#8 C:\xampp\htdocs\Zid\NewDaerah\public\index.php(37): CodeIgniter\CodeIgniter->run()
#9 C:\xampp\htdocs\Zid\NewDaerah\system\Commands\Server\rewrite.php(43): require_once('C:\\xampp\\htdocs...')
#10 {main}
CRITICAL - 2021-11-30 22:02:45 --> Unmatched '}'
#0 C:\xampp\htdocs\Zid\NewDaerah\system\View\View.php(217): CodeIgniter\View\View->CodeIgniter\View\{closure}()
#1 C:\xampp\htdocs\Zid\NewDaerah\system\Common.php(1097): CodeIgniter\View\View->render('layout/home', Array, true)
#2 C:\xampp\htdocs\Zid\NewDaerah\app\Controllers\Main.php(7): view('layout/home')
#3 C:\xampp\htdocs\Zid\NewDaerah\system\CodeIgniter.php(824): App\Controllers\Main->index()
#4 C:\xampp\htdocs\Zid\NewDaerah\system\CodeIgniter.php(410): CodeIgniter\CodeIgniter->runController(Object(App\Controllers\Main))
#5 C:\xampp\htdocs\Zid\NewDaerah\system\CodeIgniter.php(318): CodeIgniter\CodeIgniter->handleRequest(NULL, Object(Config\Cache), false)
#6 C:\xampp\htdocs\Zid\NewDaerah\public\index.php(37): CodeIgniter\CodeIgniter->run()
#7 C:\xampp\htdocs\Zid\NewDaerah\system\Commands\Server\rewrite.php(43): require_once('C:\\xampp\\htdocs...')
#8 {main}
CRITICAL - 2021-11-30 22:02:46 --> Unmatched '}'
#0 C:\xampp\htdocs\Zid\NewDaerah\system\View\View.php(217): CodeIgniter\View\View->CodeIgniter\View\{closure}()
#1 C:\xampp\htdocs\Zid\NewDaerah\system\Common.php(1097): CodeIgniter\View\View->render('layout/home', Array, true)
#2 C:\xampp\htdocs\Zid\NewDaerah\app\Controllers\Main.php(7): view('layout/home')
#3 C:\xampp\htdocs\Zid\NewDaerah\system\CodeIgniter.php(824): App\Controllers\Main->index()
#4 C:\xampp\htdocs\Zid\NewDaerah\system\CodeIgniter.php(410): CodeIgniter\CodeIgniter->runController(Object(App\Controllers\Main))
#5 C:\xampp\htdocs\Zid\NewDaerah\system\CodeIgniter.php(318): CodeIgniter\CodeIgniter->handleRequest(NULL, Object(Config\Cache), false)
#6 C:\xampp\htdocs\Zid\NewDaerah\public\index.php(37): CodeIgniter\CodeIgniter->run()
#7 C:\xampp\htdocs\Zid\NewDaerah\system\Commands\Server\rewrite.php(43): require_once('C:\\xampp\\htdocs...')
#8 {main}
CRITICAL - 2021-11-30 22:15:14 --> Undefined variable $n
#0 C:\xampp\htdocs\Zid\NewDaerah\app\Views\layout\home.php(54): CodeIgniter\Debug\Exceptions->errorHandler(2, 'Undefined varia...', 'C:\\xampp\\htdocs...', 54)
#1 C:\xampp\htdocs\Zid\NewDaerah\system\View\View.php(214): include('C:\\xampp\\htdocs...')
#2 C:\xampp\htdocs\Zid\NewDaerah\system\View\View.php(217): CodeIgniter\View\View->CodeIgniter\View\{closure}()
#3 C:\xampp\htdocs\Zid\NewDaerah\system\Common.php(1097): CodeIgniter\View\View->render('layout/home', Array, true)
#4 C:\xampp\htdocs\Zid\NewDaerah\app\Controllers\Main.php(7): view('layout/home')
#5 C:\xampp\htdocs\Zid\NewDaerah\system\CodeIgniter.php(824): App\Controllers\Main->index()
#6 C:\xampp\htdocs\Zid\NewDaerah\system\CodeIgniter.php(410): CodeIgniter\CodeIgniter->runController(Object(App\Controllers\Main))
#7 C:\xampp\htdocs\Zid\NewDaerah\system\CodeIgniter.php(318): CodeIgniter\CodeIgniter->handleRequest(NULL, Object(Config\Cache), false)
#8 C:\xampp\htdocs\Zid\NewDaerah\public\index.php(37): CodeIgniter\CodeIgniter->run()
#9 C:\xampp\htdocs\Zid\NewDaerah\system\Commands\Server\rewrite.php(43): require_once('C:\\xampp\\htdocs...')
#10 {main}
CRITICAL - 2021-11-30 22:16:20 --> Undefined array key "data"
#0 C:\xampp\htdocs\Zid\NewDaerah\app\Views\layout\home.php(5): CodeIgniter\Debug\Exceptions->errorHandler(2, 'Undefined array...', 'C:\\xampp\\htdocs...', 5)
#1 C:\xampp\htdocs\Zid\NewDaerah\system\View\View.php(214): include('C:\\xampp\\htdocs...')
#2 C:\xampp\htdocs\Zid\NewDaerah\system\View\View.php(217): CodeIgniter\View\View->CodeIgniter\View\{closure}()
#3 C:\xampp\htdocs\Zid\NewDaerah\system\Common.php(1097): CodeIgniter\View\View->render('layout/home', Array, true)
#4 C:\xampp\htdocs\Zid\NewDaerah\app\Controllers\Main.php(7): view('layout/home')
#5 C:\xampp\htdocs\Zid\NewDaerah\system\CodeIgniter.php(824): App\Controllers\Main->index()
#6 C:\xampp\htdocs\Zid\NewDaerah\system\CodeIgniter.php(410): CodeIgniter\CodeIgniter->runController(Object(App\Controllers\Main))
#7 C:\xampp\htdocs\Zid\NewDaerah\system\CodeIgniter.php(318): CodeIgniter\CodeIgniter->handleRequest(NULL, Object(Config\Cache), false)
#8 C:\xampp\htdocs\Zid\NewDaerah\public\index.php(37): CodeIgniter\CodeIgniter->run()
#9 C:\xampp\htdocs\Zid\NewDaerah\system\Commands\Server\rewrite.php(43): require_once('C:\\xampp\\htdocs...')
#10 {main}
CRITICAL - 2021-11-30 22:17:20 --> Undefined array key "data"
#0 C:\xampp\htdocs\Zid\NewDaerah\app\Views\layout\home.php(44): CodeIgniter\Debug\Exceptions->errorHandler(2, 'Undefined array...', 'C:\\xampp\\htdocs...', 44)
#1 C:\xampp\htdocs\Zid\NewDaerah\system\View\View.php(214): include('C:\\xampp\\htdocs...')
#2 C:\xampp\htdocs\Zid\NewDaerah\system\View\View.php(217): CodeIgniter\View\View->CodeIgniter\View\{closure}()
#3 C:\xampp\htdocs\Zid\NewDaerah\system\Common.php(1097): CodeIgniter\View\View->render('layout/home', Array, true)
#4 C:\xampp\htdocs\Zid\NewDaerah\app\Controllers\Main.php(7): view('layout/home')
#5 C:\xampp\htdocs\Zid\NewDaerah\system\CodeIgniter.php(824): App\Controllers\Main->index()
#6 C:\xampp\htdocs\Zid\NewDaerah\system\CodeIgniter.php(410): CodeIgniter\CodeIgniter->runController(Object(App\Controllers\Main))
#7 C:\xampp\htdocs\Zid\NewDaerah\system\CodeIgniter.php(318): CodeIgniter\CodeIgniter->handleRequest(NULL, Object(Config\Cache), false)
#8 C:\xampp\htdocs\Zid\NewDaerah\public\index.php(37): CodeIgniter\CodeIgniter->run()
#9 C:\xampp\htdocs\Zid\NewDaerah\system\Commands\Server\rewrite.php(43): require_once('C:\\xampp\\htdocs...')
#10 {main}
CRITICAL - 2021-11-30 22:17:22 --> Undefined array key "data"
#0 C:\xampp\htdocs\Zid\NewDaerah\app\Views\layout\home.php(44): CodeIgniter\Debug\Exceptions->errorHandler(2, 'Undefined array...', 'C:\\xampp\\htdocs...', 44)
#1 C:\xampp\htdocs\Zid\NewDaerah\system\View\View.php(214): include('C:\\xampp\\htdocs...')
#2 C:\xampp\htdocs\Zid\NewDaerah\system\View\View.php(217): CodeIgniter\View\View->CodeIgniter\View\{closure}()
#3 C:\xampp\htdocs\Zid\NewDaerah\system\Common.php(1097): CodeIgniter\View\View->render('layout/home', Array, true)
#4 C:\xampp\htdocs\Zid\NewDaerah\app\Controllers\Main.php(7): view('layout/home')
#5 C:\xampp\htdocs\Zid\NewDaerah\system\CodeIgniter.php(824): App\Controllers\Main->index()
#6 C:\xampp\htdocs\Zid\NewDaerah\system\CodeIgniter.php(410): CodeIgniter\CodeIgniter->runController(Object(App\Controllers\Main))
#7 C:\xampp\htdocs\Zid\NewDaerah\system\CodeIgniter.php(318): CodeIgniter\CodeIgniter->handleRequest(NULL, Object(Config\Cache), false)
#8 C:\xampp\htdocs\Zid\NewDaerah\public\index.php(37): CodeIgniter\CodeIgniter->run()
#9 C:\xampp\htdocs\Zid\NewDaerah\system\Commands\Server\rewrite.php(43): require_once('C:\\xampp\\htdocs...')
#10 {main}
CRITICAL - 2021-11-30 22:18:05 --> Undefined array key "data"
#0 C:\xampp\htdocs\Zid\NewDaerah\app\Views\layout\home.php(44): CodeIgniter\Debug\Exceptions->errorHandler(2, 'Undefined array...', 'C:\\xampp\\htdocs...', 44)
#1 C:\xampp\htdocs\Zid\NewDaerah\system\View\View.php(214): include('C:\\xampp\\htdocs...')
#2 C:\xampp\htdocs\Zid\NewDaerah\system\View\View.php(217): CodeIgniter\View\View->CodeIgniter\View\{closure}()
#3 C:\xampp\htdocs\Zid\NewDaerah\system\Common.php(1097): CodeIgniter\View\View->render('layout/home', Array, true)
#4 C:\xampp\htdocs\Zid\NewDaerah\app\Controllers\Main.php(7): view('layout/home')
#5 C:\xampp\htdocs\Zid\NewDaerah\system\CodeIgniter.php(824): App\Controllers\Main->index()
#6 C:\xampp\htdocs\Zid\NewDaerah\system\CodeIgniter.php(410): CodeIgniter\CodeIgniter->runController(Object(App\Controllers\Main))
#7 C:\xampp\htdocs\Zid\NewDaerah\system\CodeIgniter.php(318): CodeIgniter\CodeIgniter->handleRequest(NULL, Object(Config\Cache), false)
#8 C:\xampp\htdocs\Zid\NewDaerah\public\index.php(37): CodeIgniter\CodeIgniter->run()
#9 C:\xampp\htdocs\Zid\NewDaerah\system\Commands\Server\rewrite.php(43): require_once('C:\\xampp\\htdocs...')
#10 {main}
CRITICAL - 2021-11-30 22:33:22 --> Undefined variable $n
#0 C:\xampp\htdocs\Zid\NewDaerah\app\Views\layout\home.php(54): CodeIgniter\Debug\Exceptions->errorHandler(2, 'Undefined varia...', 'C:\\xampp\\htdocs...', 54)
#1 C:\xampp\htdocs\Zid\NewDaerah\system\View\View.php(214): include('C:\\xampp\\htdocs...')
#2 C:\xampp\htdocs\Zid\NewDaerah\system\View\View.php(217): CodeIgniter\View\View->CodeIgniter\View\{closure}()
#3 C:\xampp\htdocs\Zid\NewDaerah\system\Common.php(1097): CodeIgniter\View\View->render('layout/home', Array, true)
#4 C:\xampp\htdocs\Zid\NewDaerah\app\Controllers\Main.php(7): view('layout/home')
#5 C:\xampp\htdocs\Zid\NewDaerah\system\CodeIgniter.php(824): App\Controllers\Main->index()
#6 C:\xampp\htdocs\Zid\NewDaerah\system\CodeIgniter.php(410): CodeIgniter\CodeIgniter->runController(Object(App\Controllers\Main))
#7 C:\xampp\htdocs\Zid\NewDaerah\system\CodeIgniter.php(318): CodeIgniter\CodeIgniter->handleRequest(NULL, Object(Config\Cache), false)
#8 C:\xampp\htdocs\Zid\NewDaerah\public\index.php(37): CodeIgniter\CodeIgniter->run()
#9 C:\xampp\htdocs\Zid\NewDaerah\system\Commands\Server\rewrite.php(43): require_once('C:\\xampp\\htdocs...')
#10 {main}
CRITICAL - 2021-11-30 22:41:38 --> Undefined array key "data"
#0 C:\xampp\htdocs\Zid\NewDaerah\app\Views\layout\home.php(5): CodeIgniter\Debug\Exceptions->errorHandler(2, 'Undefined array...', 'C:\\xampp\\htdocs...', 5)
#1 C:\xampp\htdocs\Zid\NewDaerah\system\View\View.php(214): include('C:\\xampp\\htdocs...')
#2 C:\xampp\htdocs\Zid\NewDaerah\system\View\View.php(217): CodeIgniter\View\View->CodeIgniter\View\{closure}()
#3 C:\xampp\htdocs\Zid\NewDaerah\system\Common.php(1097): CodeIgniter\View\View->render('layout/home', Array, true)
#4 C:\xampp\htdocs\Zid\NewDaerah\app\Controllers\Main.php(7): view('layout/home')
#5 C:\xampp\htdocs\Zid\NewDaerah\system\CodeIgniter.php(824): App\Controllers\Main->index()
#6 C:\xampp\htdocs\Zid\NewDaerah\system\CodeIgniter.php(410): CodeIgniter\CodeIgniter->runController(Object(App\Controllers\Main))
#7 C:\xampp\htdocs\Zid\NewDaerah\system\CodeIgniter.php(318): CodeIgniter\CodeIgniter->handleRequest(NULL, Object(Config\Cache), false)
#8 C:\xampp\htdocs\Zid\NewDaerah\public\index.php(37): CodeIgniter\CodeIgniter->run()
#9 C:\xampp\htdocs\Zid\NewDaerah\system\Commands\Server\rewrite.php(43): require_once('C:\\xampp\\htdocs...')
#10 {main}
CRITICAL - 2021-11-30 22:42:09 --> Undefined array key "data"
#0 C:\xampp\htdocs\Zid\NewDaerah\app\Views\layout\home.php(5): CodeIgniter\Debug\Exceptions->errorHandler(2, 'Undefined array...', 'C:\\xampp\\htdocs...', 5)
#1 C:\xampp\htdocs\Zid\NewDaerah\system\View\View.php(214): include('C:\\xampp\\htdocs...')
#2 C:\xampp\htdocs\Zid\NewDaerah\system\View\View.php(217): CodeIgniter\View\View->CodeIgniter\View\{closure}()
#3 C:\xampp\htdocs\Zid\NewDaerah\system\Common.php(1097): CodeIgniter\View\View->render('layout/home', Array, true)
#4 C:\xampp\htdocs\Zid\NewDaerah\app\Controllers\Main.php(7): view('layout/home')
#5 C:\xampp\htdocs\Zid\NewDaerah\system\CodeIgniter.php(824): App\Controllers\Main->index()
#6 C:\xampp\htdocs\Zid\NewDaerah\system\CodeIgniter.php(410): CodeIgniter\CodeIgniter->runController(Object(App\Controllers\Main))
#7 C:\xampp\htdocs\Zid\NewDaerah\system\CodeIgniter.php(318): CodeIgniter\CodeIgniter->handleRequest(NULL, Object(Config\Cache), false)
#8 C:\xampp\htdocs\Zid\NewDaerah\public\index.php(37): CodeIgniter\CodeIgniter->run()
#9 C:\xampp\htdocs\Zid\NewDaerah\system\Commands\Server\rewrite.php(43): require_once('C:\\xampp\\htdocs...')
#10 {main}
CRITICAL - 2021-11-30 22:42:10 --> Undefined array key "data"
#0 C:\xampp\htdocs\Zid\NewDaerah\app\Views\layout\home.php(5): CodeIgniter\Debug\Exceptions->errorHandler(2, 'Undefined array...', 'C:\\xampp\\htdocs...', 5)
#1 C:\xampp\htdocs\Zid\NewDaerah\system\View\View.php(214): include('C:\\xampp\\htdocs...')
#2 C:\xampp\htdocs\Zid\NewDaerah\system\View\View.php(217): CodeIgniter\View\View->CodeIgniter\View\{closure}()
#3 C:\xampp\htdocs\Zid\NewDaerah\system\Common.php(1097): CodeIgniter\View\View->render('layout/home', Array, true)
#4 C:\xampp\htdocs\Zid\NewDaerah\app\Controllers\Main.php(7): view('layout/home')
#5 C:\xampp\htdocs\Zid\NewDaerah\system\CodeIgniter.php(824): App\Controllers\Main->index()
#6 C:\xampp\htdocs\Zid\NewDaerah\system\CodeIgniter.php(410): CodeIgniter\CodeIgniter->runController(Object(App\Controllers\Main))
#7 C:\xampp\htdocs\Zid\NewDaerah\system\CodeIgniter.php(318): CodeIgniter\CodeIgniter->handleRequest(NULL, Object(Config\Cache), false)
#8 C:\xampp\htdocs\Zid\NewDaerah\public\index.php(37): CodeIgniter\CodeIgniter->run()
#9 C:\xampp\htdocs\Zid\NewDaerah\system\Commands\Server\rewrite.php(43): require_once('C:\\xampp\\htdocs...')
#10 {main}
CRITICAL - 2021-11-30 23:04:35 --> syntax error, unexpected token ";", expecting "function" or "const"
#0 C:\xampp\htdocs\Zid\NewDaerah\system\Router\Router.php(176): CodeIgniter\Router\Router->autoRoute('get_daerah/acti...')
#1 C:\xampp\htdocs\Zid\NewDaerah\system\CodeIgniter.php(718): CodeIgniter\Router\Router->handle('get_daerah/acti...')
#2 C:\xampp\htdocs\Zid\NewDaerah\system\CodeIgniter.php(359): CodeIgniter\CodeIgniter->tryToRouteIt(Object(CodeIgniter\Router\RouteCollection))
#3 C:\xampp\htdocs\Zid\NewDaerah\system\CodeIgniter.php(318): CodeIgniter\CodeIgniter->handleRequest(NULL, Object(Config\Cache), false)
#4 C:\xampp\htdocs\Zid\NewDaerah\public\index.php(37): CodeIgniter\CodeIgniter->run()
#5 C:\xampp\htdocs\Zid\NewDaerah\system\Commands\Server\rewrite.php(43): require_once('C:\\xampp\\htdocs...')
#6 {main}
CRITICAL - 2021-11-30 23:06:02 --> syntax error, unexpected token ";", expecting "function" or "const"
#0 C:\xampp\htdocs\Zid\NewDaerah\system\Router\Router.php(176): CodeIgniter\Router\Router->autoRoute('get_daerah/acti...')
#1 C:\xampp\htdocs\Zid\NewDaerah\system\CodeIgniter.php(718): CodeIgniter\Router\Router->handle('get_daerah/acti...')
#2 C:\xampp\htdocs\Zid\NewDaerah\system\CodeIgniter.php(359): CodeIgniter\CodeIgniter->tryToRouteIt(Object(CodeIgniter\Router\RouteCollection))
#3 C:\xampp\htdocs\Zid\NewDaerah\system\CodeIgniter.php(318): CodeIgniter\CodeIgniter->handleRequest(NULL, Object(Config\Cache), false)
#4 C:\xampp\htdocs\Zid\NewDaerah\public\index.php(37): CodeIgniter\CodeIgniter->run()
#5 C:\xampp\htdocs\Zid\NewDaerah\system\Commands\Server\rewrite.php(43): require_once('C:\\xampp\\htdocs...')
#6 {main}
CRITICAL - 2021-11-30 23:08:44 --> syntax error, unexpected token ";", expecting "function" or "const"
#0 C:\xampp\htdocs\Zid\NewDaerah\system\Router\Router.php(176): CodeIgniter\Router\Router->autoRoute('get_daerah/acti...')
#1 C:\xampp\htdocs\Zid\NewDaerah\system\CodeIgniter.php(718): CodeIgniter\Router\Router->handle('get_daerah/acti...')
#2 C:\xampp\htdocs\Zid\NewDaerah\system\CodeIgniter.php(359): CodeIgniter\CodeIgniter->tryToRouteIt(Object(CodeIgniter\Router\RouteCollection))
#3 C:\xampp\htdocs\Zid\NewDaerah\system\CodeIgniter.php(318): CodeIgniter\CodeIgniter->handleRequest(NULL, Object(Config\Cache), false)
#4 C:\xampp\htdocs\Zid\NewDaerah\public\index.php(37): CodeIgniter\CodeIgniter->run()
#5 C:\xampp\htdocs\Zid\NewDaerah\system\Commands\Server\rewrite.php(43): require_once('C:\\xampp\\htdocs...')
#6 {main}
CRITICAL - 2021-11-30 23:41:09 --> Unclosed '{' on line 21
#0 C:\xampp\htdocs\Zid\NewDaerah\system\Router\Router.php(176): CodeIgniter\Router\Router->autoRoute('get_daerah/acti...')
#1 C:\xampp\htdocs\Zid\NewDaerah\system\CodeIgniter.php(718): CodeIgniter\Router\Router->handle('get_daerah/acti...')
#2 C:\xampp\htdocs\Zid\NewDaerah\system\CodeIgniter.php(359): CodeIgniter\CodeIgniter->tryToRouteIt(Object(CodeIgniter\Router\RouteCollection))
#3 C:\xampp\htdocs\Zid\NewDaerah\system\CodeIgniter.php(318): CodeIgniter\CodeIgniter->handleRequest(NULL, Object(Config\Cache), false)
#4 C:\xampp\htdocs\Zid\NewDaerah\public\index.php(37): CodeIgniter\CodeIgniter->run()
#5 C:\xampp\htdocs\Zid\NewDaerah\system\Commands\Server\rewrite.php(43): require_once('C:\\xampp\\htdocs...')
#6 {main}
CRITICAL - 2021-11-30 23:50:48 --> Call to undefined function App\Controllers\getPost()
#0 C:\xampp\htdocs\Zid\NewDaerah\system\CodeIgniter.php(824): App\Controllers\get_Daerah->action()
#1 C:\xampp\htdocs\Zid\NewDaerah\system\CodeIgniter.php(410): CodeIgniter\CodeIgniter->runController(Object(App\Controllers\get_Daerah))
#2 C:\xampp\htdocs\Zid\NewDaerah\system\CodeIgniter.php(318): CodeIgniter\CodeIgniter->handleRequest(NULL, Object(Config\Cache), false)
#3 C:\xampp\htdocs\Zid\NewDaerah\public\index.php(37): CodeIgniter\CodeIgniter->run()
#4 C:\xampp\htdocs\Zid\NewDaerah\system\Commands\Server\rewrite.php(43): require_once('C:\\xampp\\htdocs...')
#5 {main}
CRITICAL - 2021-11-30 23:51:38 --> Call to undefined function App\Controllers\getPost()
#0 C:\xampp\htdocs\Zid\NewDaerah\system\CodeIgniter.php(824): App\Controllers\get_Daerah->action()
#1 C:\xampp\htdocs\Zid\NewDaerah\system\CodeIgniter.php(410): CodeIgniter\CodeIgniter->runController(Object(App\Controllers\get_Daerah))
#2 C:\xampp\htdocs\Zid\NewDaerah\system\CodeIgniter.php(318): CodeIgniter\CodeIgniter->handleRequest(NULL, Object(Config\Cache), false)
#3 C:\xampp\htdocs\Zid\NewDaerah\public\index.php(37): CodeIgniter\CodeIgniter->run()
#4 C:\xampp\htdocs\Zid\NewDaerah\system\Commands\Server\rewrite.php(43): require_once('C:\\xampp\\htdocs...')
#5 {main}
CRITICAL - 2021-11-30 23:53:58 --> Unclosed '{' on line 16
#0 C:\xampp\htdocs\Zid\NewDaerah\system\Router\Router.php(176): CodeIgniter\Router\Router->autoRoute('get_daerah/acti...')
#1 C:\xampp\htdocs\Zid\NewDaerah\system\CodeIgniter.php(718): CodeIgniter\Router\Router->handle('get_daerah/acti...')
#2 C:\xampp\htdocs\Zid\NewDaerah\system\CodeIgniter.php(359): CodeIgniter\CodeIgniter->tryToRouteIt(Object(CodeIgniter\Router\RouteCollection))
#3 C:\xampp\htdocs\Zid\NewDaerah\system\CodeIgniter.php(318): CodeIgniter\CodeIgniter->handleRequest(NULL, Object(Config\Cache), false)
#4 C:\xampp\htdocs\Zid\NewDaerah\public\index.php(37): CodeIgniter\CodeIgniter->run()
#5 C:\xampp\htdocs\Zid\NewDaerah\system\Commands\Server\rewrite.php(43): require_once('C:\\xampp\\htdocs...')
#6 {main}
CRITICAL - 2021-11-30 23:54:13 --> Unclosed '{' on line 16
#0 C:\xampp\htdocs\Zid\NewDaerah\system\Router\Router.php(176): CodeIgniter\Router\Router->autoRoute('get_daerah/acti...')
#1 C:\xampp\htdocs\Zid\NewDaerah\system\CodeIgniter.php(718): CodeIgniter\Router\Router->handle('get_daerah/acti...')
#2 C:\xampp\htdocs\Zid\NewDaerah\system\CodeIgniter.php(359): CodeIgniter\CodeIgniter->tryToRouteIt(Object(CodeIgniter\Router\RouteCollection))
#3 C:\xampp\htdocs\Zid\NewDaerah\system\CodeIgniter.php(318): CodeIgniter\CodeIgniter->handleRequest(NULL, Object(Config\Cache), false)
#4 C:\xampp\htdocs\Zid\NewDaerah\public\index.php(37): CodeIgniter\CodeIgniter->run()
#5 C:\xampp\htdocs\Zid\NewDaerah\system\Commands\Server\rewrite.php(43): require_once('C:\\xampp\\htdocs...')
#6 {main}
CRITICAL - 2021-11-30 23:59:10 --> Object of class stdClass could not be converted to string
#0 C:\xampp\htdocs\Zid\NewDaerah\system\CodeIgniter.php(824): App\Controllers\get_Daerah->action()
#1 C:\xampp\htdocs\Zid\NewDaerah\system\CodeIgniter.php(410): CodeIgniter\CodeIgniter->runController(Object(App\Controllers\get_Daerah))
#2 C:\xampp\htdocs\Zid\NewDaerah\system\CodeIgniter.php(318): CodeIgniter\CodeIgniter->handleRequest(NULL, Object(Config\Cache), false)
#3 C:\xampp\htdocs\Zid\NewDaerah\public\index.php(37): CodeIgniter\CodeIgniter->run()
#4 C:\xampp\htdocs\Zid\NewDaerah\system\Commands\Server\rewrite.php(43): require_once('C:\\xampp\\htdocs...')
#5 {main}
